/home/runner/work/pgi-2025-the_luminous_oceans/pgi-2025-the_luminous_oceans/src/main.c: In function ‘main’:
/home/runner/work/pgi-2025-the_luminous_oceans/pgi-2025-the_luminous_oceans/src/main.c:51:6: error: expected expression before ‘)’ token
   51 |   if() {
      |      ^
gmake[2]: *** [CMakeFiles/freud.dir/build.make:107: CMakeFiles/freud.dir/src/main.c.o] Error 1
gmake[2]: *** Waiting for unfinished jobs....
gmake[1]: *** [CMakeFiles/Makefile2:87: CMakeFiles/freud.dir/all] Error 2
gmake: *** [Makefile:136: all] Error 2

The process '/usr/local/bin/cmake' failed with exit code 2